{
  "RSpec": {
    "coverage": {
      "/home/buihung-wogi/workspaces/myapp/app/models/user.rb": {
        "lines": [
          1,
          1,
          2,
          null,
          null,
          1,
          2,
          null,
          null
        ],
        "branches": {
        }
      },
      "/home/buihung-wogi/workspaces/myapp/app/models/application_record.rb": {
        "lines": [
          1,
          1,
          null
        ],
        "branches": {
        }
      },
      "/home/buihung-wogi/workspaces/myapp/app/models/cake.rb": {
        "lines": [
          1,
          1,
          1,
          null,
          null,
          1,
          1,
          null,
          null
        ],
        "branches": {
        }
      },
      "/home/buihung-wogi/workspaces/myapp/app/channels/application_cable/channel.rb": {
        "lines": [
          0,
          0,
          0,
          0
        ],
        "branches": {
        }
      },
      "/home/buihung-wogi/workspaces/myapp/app/channels/application_cable/connection.rb": {
        "lines": [
          0,
          0,
          0,
          0
        ],
        "branches": {
        }
      },
      "/home/buihung-wogi/workspaces/myapp/app/controllers/application_controller.rb": {
        "lines": [
          0,
          0
        ],
        "branches": {
        }
      },
      "/home/buihung-wogi/workspaces/myapp/app/jobs/application_job.rb": {
        "lines": [
          0,
          null,
          null,
          null,
          null,
          null,
          0
        ],
        "branches": {
        }
      },
      "/home/buihung-wogi/workspaces/myapp/app/mailers/application_mailer.rb": {
        "lines": [
          0,
          0,
          0,
          0
        ],
        "branches": {
        }
      },
      "/home/buihung-wogi/workspaces/myapp/app/models/article.rb": {
        "lines": [
          0,
          0,
          0,
          0,
          null,
          0,
          0,
          0,
          null,
          0,
          0,
          0,
          null,
          0,
          0,
          0,
          0
        ],
        "branches": {
        }
      }
    },
    "timestamp": 1727575498
  }
}
