<?xml version='1.0'?>
<!DOCTYPE coverage SYSTEM "http://cobertura.sourceforge.net/xml/coverage-04.dtd">
<!-- Generated by simplecov-cobertura version 2.1.0 (https://github.com/dashingrocket/simplecov-cobertura) -->
<coverage line-rate="0.28" lines-covered="7" lines-valid="25" branches-covered="0" branches-valid="0" branch-rate="1.0" complexity="0" version="0" timestamp="1727505200">
  <sources>
    <source>/home/buihung-wogi/workspaces/myapp</source>
  </sources>
  <packages>
    <package name="Controllers" line-rate="0.0" branch-rate="1.0" complexity="0">
      <classes>
        <class name="application_controller" filename="app/controllers/application_controller.rb" line-rate="0.0" branch-rate="1.0" complexity="0">
          <methods/>
          <lines>
            <line number="1" hits="0" branch="false"/>
            <line number="2" hits="0" branch="false"/>
          </lines>
        </class>
      </classes>
    </package>
    <package name="Channels" line-rate="0.0" branch-rate="1.0" complexity="0">
      <classes>
        <class name="channel" filename="app/channels/application_cable/channel.rb" line-rate="0.0" branch-rate="1.0" complexity="0">
          <methods/>
          <lines>
            <line number="1" hits="0" branch="false"/>
            <line number="2" hits="0" branch="false"/>
            <line number="3" hits="0" branch="false"/>
            <line number="4" hits="0" branch="false"/>
          </lines>
        </class>
        <class name="connection" filename="app/channels/application_cable/connection.rb" line-rate="0.0" branch-rate="1.0" complexity="0">
          <methods/>
          <lines>
            <line number="1" hits="0" branch="false"/>
            <line number="2" hits="0" branch="false"/>
            <line number="3" hits="0" branch="false"/>
            <line number="4" hits="0" branch="false"/>
          </lines>
        </class>
      </classes>
    </package>
    <package name="Models" line-rate="0.78" branch-rate="1.0" complexity="0">
      <classes>
        <class name="application_record" filename="app/models/application_record.rb" line-rate="1.0" branch-rate="1.0" complexity="0">
          <methods/>
          <lines>
            <line number="1" hits="1" branch="false"/>
            <line number="2" hits="1" branch="false"/>
          </lines>
        </class>
        <class name="article" filename="app/models/article.rb" line-rate="0.0" branch-rate="1.0" complexity="0">
          <methods/>
          <lines>
            <line number="1" hits="0" branch="false"/>
            <line number="2" hits="0" branch="false"/>
          </lines>
        </class>
        <class name="user" filename="app/models/user.rb" line-rate="1.0" branch-rate="1.0" complexity="0">
          <methods/>
          <lines>
            <line number="1" hits="1" branch="false"/>
            <line number="2" hits="1" branch="false"/>
            <line number="3" hits="1" branch="false"/>
            <line number="6" hits="1" branch="false"/>
            <line number="7" hits="1" branch="false"/>
          </lines>
        </class>
      </classes>
    </package>
    <package name="Mailers" line-rate="0.0" branch-rate="1.0" complexity="0">
      <classes>
        <class name="application_mailer" filename="app/mailers/application_mailer.rb" line-rate="0.0" branch-rate="1.0" complexity="0">
          <methods/>
          <lines>
            <line number="1" hits="0" branch="false"/>
            <line number="2" hits="0" branch="false"/>
            <line number="3" hits="0" branch="false"/>
            <line number="4" hits="0" branch="false"/>
          </lines>
        </class>
      </classes>
    </package>
    <package name="Jobs" line-rate="0.0" branch-rate="1.0" complexity="0">
      <classes>
        <class name="application_job" filename="app/jobs/application_job.rb" line-rate="0.0" branch-rate="1.0" complexity="0">
          <methods/>
          <lines>
            <line number="1" hits="0" branch="false"/>
            <line number="7" hits="0" branch="false"/>
          </lines>
        </class>
      </classes>
    </package>
  </packages>
</coverage>