<?xml version='1.0'?>
<!DOCTYPE coverage SYSTEM "http://cobertura.sourceforge.net/xml/coverage-04.dtd">
<!-- Generated by simplecov-cobertura version 2.1.0 (https://github.com/dashingrocket/simplecov-cobertura) -->
<coverage line-rate="1.0" lines-covered="7" lines-valid="7" complexity="0" version="0" timestamp="1727283177">
  <sources>
    <source>/home/buihung-wogi/workspaces/myapp</source>
  </sources>
  <packages>
    <package name="myapp" line-rate="1.0" complexity="0">
      <classes>
        <class name="application_record" filename="app/models/application_record.rb" line-rate="1.0" complexity="0">
          <methods/>
          <lines>
            <line number="1" hits="1"/>
            <line number="2" hits="1"/>
          </lines>
        </class>
        <class name="user" filename="app/models/user.rb" line-rate="1.0" complexity="0">
          <methods/>
          <lines>
            <line number="1" hits="1"/>
            <line number="2" hits="1"/>
            <line number="3" hits="1"/>
            <line number="6" hits="1"/>
            <line number="7" hits="1"/>
          </lines>
        </class>
      </classes>
    </package>
  </packages>
</coverage>